2021-04-09 17:34:42,229 DEBUG com.zaxxer.hikari.HikariConfig [main] Driver class org.h2.Driver found in Thread context class loader TomcatEmbeddedWebappClassLoader
  context: ROOT
  delegate: true
----------> Parent Classloader:
jdk.internal.loader.ClassLoaders$AppClassLoader@77556fd

2021-04-09 17:34:42,250 DEBUG com.zaxxer.hikari.HikariConfig [main] HikariPool-1 - configuration:
2021-04-09 17:34:42,251 DEBUG com.zaxxer.hikari.HikariConfig [main] allowPoolSuspension.............false
2021-04-09 17:34:42,252 DEBUG com.zaxxer.hikari.HikariConfig [main] autoCommit......................true
2021-04-09 17:34:42,252 DEBUG com.zaxxer.hikari.HikariConfig [main] catalog.........................none
2021-04-09 17:34:42,252 DEBUG com.zaxxer.hikari.HikariConfig [main] connectionInitSql...............none
2021-04-09 17:34:42,252 DEBUG com.zaxxer.hikari.HikariConfig [main] connectionTestQuery.............none
2021-04-09 17:34:42,252 DEBUG com.zaxxer.hikari.HikariConfig [main] connectionTimeout...............30000
2021-04-09 17:34:42,253 DEBUG com.zaxxer.hikari.HikariConfig [main] dataSource......................none
2021-04-09 17:34:42,253 DEBUG com.zaxxer.hikari.HikariConfig [main] dataSourceClassName.............none
2021-04-09 17:34:42,253 DEBUG com.zaxxer.hikari.HikariConfig [main] dataSourceJNDI..................none
2021-04-09 17:34:42,253 DEBUG com.zaxxer.hikari.HikariConfig [main] dataSourceProperties............{password=<masked>}
2021-04-09 17:34:42,254 DEBUG com.zaxxer.hikari.HikariConfig [main] driverClassName................."org.h2.Driver"
2021-04-09 17:34:42,254 DEBUG com.zaxxer.hikari.HikariConfig [main] exceptionOverrideClassName......none
2021-04-09 17:34:42,254 DEBUG com.zaxxer.hikari.HikariConfig [main] healthCheckProperties...........{}
2021-04-09 17:34:42,254 DEBUG com.zaxxer.hikari.HikariConfig [main] healthCheckRegistry.............none
2021-04-09 17:34:42,254 DEBUG com.zaxxer.hikari.HikariConfig [main] idleTimeout.....................600000
2021-04-09 17:34:42,254 DEBUG com.zaxxer.hikari.HikariConfig [main] initializationFailTimeout.......1
2021-04-09 17:34:42,254 DEBUG com.zaxxer.hikari.HikariConfig [main] isolateInternalQueries..........false
2021-04-09 17:34:42,255 DEBUG com.zaxxer.hikari.HikariConfig [main] jdbcUrl.........................jdbc:h2:mem:739e48ad-cf3c-4e59-8a4b-376a27802896;DB_CLOSE_DELAY=-1;DB_CLOSE_ON_EXIT=FALSE
2021-04-09 17:34:42,255 DEBUG com.zaxxer.hikari.HikariConfig [main] leakDetectionThreshold..........0
2021-04-09 17:34:42,255 DEBUG com.zaxxer.hikari.HikariConfig [main] maxLifetime.....................1800000
2021-04-09 17:34:42,255 DEBUG com.zaxxer.hikari.HikariConfig [main] maximumPoolSize.................10
2021-04-09 17:34:42,255 DEBUG com.zaxxer.hikari.HikariConfig [main] metricRegistry..................none
2021-04-09 17:34:42,255 DEBUG com.zaxxer.hikari.HikariConfig [main] metricsTrackerFactory...........none
2021-04-09 17:34:42,256 DEBUG com.zaxxer.hikari.HikariConfig [main] minimumIdle.....................10
2021-04-09 17:34:42,256 DEBUG com.zaxxer.hikari.HikariConfig [main] password........................<masked>
2021-04-09 17:34:42,256 DEBUG com.zaxxer.hikari.HikariConfig [main] poolName........................"HikariPool-1"
2021-04-09 17:34:42,256 DEBUG com.zaxxer.hikari.HikariConfig [main] readOnly........................false
2021-04-09 17:34:42,256 DEBUG com.zaxxer.hikari.HikariConfig [main] registerMbeans..................false
2021-04-09 17:34:42,256 DEBUG com.zaxxer.hikari.HikariConfig [main] scheduledExecutor...............none
2021-04-09 17:34:42,257 DEBUG com.zaxxer.hikari.HikariConfig [main] schema..........................none
2021-04-09 17:34:42,257 DEBUG com.zaxxer.hikari.HikariConfig [main] threadFactory...................internal
2021-04-09 17:34:42,257 DEBUG com.zaxxer.hikari.HikariConfig [main] transactionIsolation............default
2021-04-09 17:34:42,257 DEBUG com.zaxxer.hikari.HikariConfig [main] username........................"sa"
2021-04-09 17:34:42,257 DEBUG com.zaxxer.hikari.HikariConfig [main] validationTimeout...............5000
2021-04-09 17:34:42,257 INFO com.zaxxer.hikari.HikariDataSource [main] HikariPool-1 - Starting...
2021-04-09 17:34:42,379 DEBUG com.zaxxer.hikari.pool.HikariPool [main] HikariPool-1 - Added connection conn0: url=jdbc:h2:mem:739e48ad-cf3c-4e59-8a4b-376a27802896 user=SA
2021-04-09 17:34:42,380 INFO com.zaxxer.hikari.HikariDataSource [main] HikariPool-1 - Start completed.
2021-04-09 17:34:42,480 DEBUG com.zaxxer.hikari.pool.HikariPool [HikariPool-1 housekeeper] HikariPool-1 - Pool stats (total=1, active=0, idle=1, waiting=0)
2021-04-09 17:34:42,482 DEBUG com.zaxxer.hikari.pool.HikariPool$PoolEntryCreator [HikariPool-1 connection adder] HikariPool-1 - Added connection conn1: url=jdbc:h2:mem:739e48ad-cf3c-4e59-8a4b-376a27802896 user=SA
2021-04-09 17:34:42,483 DEBUG com.zaxxer.hikari.pool.HikariPool$PoolEntryCreator [HikariPool-1 connection adder] HikariPool-1 - Added connection conn2: url=jdbc:h2:mem:739e48ad-cf3c-4e59-8a4b-376a27802896 user=SA
2021-04-09 17:34:42,483 DEBUG com.zaxxer.hikari.pool.HikariPool$PoolEntryCreator [HikariPool-1 connection adder] HikariPool-1 - Added connection conn3: url=jdbc:h2:mem:739e48ad-cf3c-4e59-8a4b-376a27802896 user=SA
2021-04-09 17:34:42,484 DEBUG com.zaxxer.hikari.pool.HikariPool$PoolEntryCreator [HikariPool-1 connection adder] HikariPool-1 - Added connection conn4: url=jdbc:h2:mem:739e48ad-cf3c-4e59-8a4b-376a27802896 user=SA
2021-04-09 17:34:42,484 DEBUG com.zaxxer.hikari.pool.HikariPool$PoolEntryCreator [HikariPool-1 connection adder] HikariPool-1 - Added connection conn5: url=jdbc:h2:mem:739e48ad-cf3c-4e59-8a4b-376a27802896 user=SA
2021-04-09 17:34:42,485 DEBUG com.zaxxer.hikari.pool.HikariPool$PoolEntryCreator [HikariPool-1 connection adder] HikariPool-1 - Added connection conn6: url=jdbc:h2:mem:739e48ad-cf3c-4e59-8a4b-376a27802896 user=SA
2021-04-09 17:34:42,486 DEBUG com.zaxxer.hikari.pool.HikariPool$PoolEntryCreator [HikariPool-1 connection adder] HikariPool-1 - Added connection conn7: url=jdbc:h2:mem:739e48ad-cf3c-4e59-8a4b-376a27802896 user=SA
2021-04-09 17:34:42,486 DEBUG com.zaxxer.hikari.pool.HikariPool$PoolEntryCreator [HikariPool-1 connection adder] HikariPool-1 - Added connection conn8: url=jdbc:h2:mem:739e48ad-cf3c-4e59-8a4b-376a27802896 user=SA
2021-04-09 17:34:42,487 DEBUG com.zaxxer.hikari.pool.HikariPool$PoolEntryCreator [HikariPool-1 connection adder] HikariPool-1 - Added connection conn9: url=jdbc:h2:mem:739e48ad-cf3c-4e59-8a4b-376a27802896 user=SA
2021-04-09 17:34:42,487 DEBUG com.zaxxer.hikari.pool.HikariPool [HikariPool-1 connection adder] HikariPool-1 - After adding stats (total=10, active=0, idle=10, waiting=0)
2021-04-09 17:34:43,483 WARN org.springframework.boot.autoconfigure.orm.jpa.JpaBaseConfiguration$JpaWebConfiguration [main] spring.jpa.open-in-view is enabled by default. Therefore, database queries may be performed during view rendering. Explicitly configure spring.jpa.open-in-view to disable this warning
2021-04-09 17:34:43,898 INFO org.springframework.boot.StartupInfoLogger [main] Started ApiApplication in 3.112 seconds (JVM running for 3.459)
2021-04-09 17:34:44,128 INFO com.webetapi.api.kafka.JsonItemConsumer [org.springframework.kafka.KafkaListenerEndpointContainer#0-0-C-1] received item
2021-04-09 17:34:48,755 INFO com.webetapi.api.kafka.JsonItemProducer [http-nio-9000-exec-1] $$ -> Producing message 
2021-04-09 17:34:48,793 INFO com.webetapi.api.kafka.JsonItemConsumer [org.springframework.kafka.KafkaListenerEndpointContainer#0-0-C-1] received item
2021-04-09 17:34:58,754 INFO com.webetapi.api.kafka.JsonItemProducer [http-nio-9000-exec-2] $$ -> Producing message 
2021-04-09 17:34:58,758 INFO com.webetapi.api.kafka.JsonItemConsumer [org.springframework.kafka.KafkaListenerEndpointContainer#0-0-C-1] received item
2021-04-09 17:35:12,481 DEBUG com.zaxxer.hikari.pool.HikariPool [HikariPool-1 housekeeper] HikariPool-1 - Pool stats (total=10, active=0, idle=10, waiting=0)
2021-04-09 17:35:12,482 DEBUG com.zaxxer.hikari.pool.HikariPool [HikariPool-1 housekeeper] HikariPool-1 - Fill pool skipped, pool is at sufficient level.
2021-04-09 17:35:42,483 DEBUG com.zaxxer.hikari.pool.HikariPool [HikariPool-1 housekeeper] HikariPool-1 - Pool stats (total=10, active=0, idle=10, waiting=0)
2021-04-09 17:35:42,483 DEBUG com.zaxxer.hikari.pool.HikariPool [HikariPool-1 housekeeper] HikariPool-1 - Fill pool skipped, pool is at sufficient level.
2021-04-09 17:36:12,484 DEBUG com.zaxxer.hikari.pool.HikariPool [HikariPool-1 housekeeper] HikariPool-1 - Pool stats (total=10, active=0, idle=10, waiting=0)
2021-04-09 17:36:12,485 DEBUG com.zaxxer.hikari.pool.HikariPool [HikariPool-1 housekeeper] HikariPool-1 - Fill pool skipped, pool is at sufficient level.
2021-04-09 17:36:38,289 INFO com.zaxxer.hikari.HikariDataSource [SpringContextShutdownHook] HikariPool-1 - Shutdown initiated...
2021-04-09 17:36:38,289 DEBUG com.zaxxer.hikari.pool.HikariPool [SpringContextShutdownHook] HikariPool-1 - Before shutdown stats (total=10, active=0, idle=10, waiting=0)
2021-04-09 17:36:38,290 DEBUG com.zaxxer.hikari.pool.PoolBase [HikariPool-1 connection closer] HikariPool-1 - Closing connection conn0: url=jdbc:h2:mem:739e48ad-cf3c-4e59-8a4b-376a27802896 user=SA: (connection evicted)
2021-04-09 17:36:38,291 DEBUG com.zaxxer.hikari.pool.PoolBase [HikariPool-1 connection closer] HikariPool-1 - Closing connection conn1: url=jdbc:h2:mem:739e48ad-cf3c-4e59-8a4b-376a27802896 user=SA: (connection evicted)
2021-04-09 17:36:38,291 DEBUG com.zaxxer.hikari.pool.PoolBase [HikariPool-1 connection closer] HikariPool-1 - Closing connection conn2: url=jdbc:h2:mem:739e48ad-cf3c-4e59-8a4b-376a27802896 user=SA: (connection evicted)
2021-04-09 17:36:38,291 DEBUG com.zaxxer.hikari.pool.PoolBase [HikariPool-1 connection closer] HikariPool-1 - Closing connection conn3: url=jdbc:h2:mem:739e48ad-cf3c-4e59-8a4b-376a27802896 user=SA: (connection evicted)
2021-04-09 17:36:38,291 DEBUG com.zaxxer.hikari.pool.PoolBase [HikariPool-1 connection closer] HikariPool-1 - Closing connection conn4: url=jdbc:h2:mem:739e48ad-cf3c-4e59-8a4b-376a27802896 user=SA: (connection evicted)
2021-04-09 17:36:38,291 DEBUG com.zaxxer.hikari.pool.PoolBase [HikariPool-1 connection closer] HikariPool-1 - Closing connection conn5: url=jdbc:h2:mem:739e48ad-cf3c-4e59-8a4b-376a27802896 user=SA: (connection evicted)
2021-04-09 17:36:38,291 DEBUG com.zaxxer.hikari.pool.PoolBase [HikariPool-1 connection closer] HikariPool-1 - Closing connection conn6: url=jdbc:h2:mem:739e48ad-cf3c-4e59-8a4b-376a27802896 user=SA: (connection evicted)
2021-04-09 17:36:38,292 DEBUG com.zaxxer.hikari.pool.PoolBase [HikariPool-1 connection closer] HikariPool-1 - Closing connection conn7: url=jdbc:h2:mem:739e48ad-cf3c-4e59-8a4b-376a27802896 user=SA: (connection evicted)
2021-04-09 17:36:38,292 DEBUG com.zaxxer.hikari.pool.PoolBase [HikariPool-1 connection closer] HikariPool-1 - Closing connection conn8: url=jdbc:h2:mem:739e48ad-cf3c-4e59-8a4b-376a27802896 user=SA: (connection evicted)
2021-04-09 17:36:38,292 DEBUG com.zaxxer.hikari.pool.PoolBase [HikariPool-1 connection closer] HikariPool-1 - Closing connection conn9: url=jdbc:h2:mem:739e48ad-cf3c-4e59-8a4b-376a27802896 user=SA: (connection evicted)
2021-04-09 17:36:38,292 DEBUG com.zaxxer.hikari.pool.HikariPool [SpringContextShutdownHook] HikariPool-1 - After shutdown stats (total=0, active=0, idle=0, waiting=0)
2021-04-09 17:36:38,292 INFO com.zaxxer.hikari.HikariDataSource [SpringContextShutdownHook] HikariPool-1 - Shutdown completed.
2021-04-09 17:36:40,880 INFO org.springframework.boot.StartupInfoLogger [main] Starting ApiApplication using Java 11.0.5 on liance-G5-5587 with PID 31897 (/home/liance/Documents/projetAPIWEBAPP_API/api/target/classes started by liance in /home/liance/Documents/projetAPIWEBAPP_API/api)
2021-04-09 17:36:40,883 DEBUG org.springframework.boot.StartupInfoLogger [main] Running with Spring Boot v2.4.4, Spring v5.3.5
2021-04-09 17:36:40,883 INFO org.springframework.boot.SpringApplication [main] No active profile set, falling back to default profiles: default
2021-04-09 17:36:41,907 DEBUG com.zaxxer.hikari.HikariConfig [main] Driver class org.h2.Driver found in Thread context class loader TomcatEmbeddedWebappClassLoader
  context: ROOT
  delegate: true
----------> Parent Classloader:
jdk.internal.loader.ClassLoaders$AppClassLoader@77556fd

2021-04-09 17:36:41,925 DEBUG com.zaxxer.hikari.HikariConfig [main] HikariPool-1 - configuration:
2021-04-09 17:36:41,927 DEBUG com.zaxxer.hikari.HikariConfig [main] allowPoolSuspension.............false
2021-04-09 17:36:41,928 DEBUG com.zaxxer.hikari.HikariConfig [main] autoCommit......................true
2021-04-09 17:36:41,928 DEBUG com.zaxxer.hikari.HikariConfig [main] catalog.........................none
2021-04-09 17:36:41,928 DEBUG com.zaxxer.hikari.HikariConfig [main] connectionInitSql...............none
2021-04-09 17:36:41,928 DEBUG com.zaxxer.hikari.HikariConfig [main] connectionTestQuery.............none
2021-04-09 17:36:41,929 DEBUG com.zaxxer.hikari.HikariConfig [main] connectionTimeout...............30000
2021-04-09 17:36:41,929 DEBUG com.zaxxer.hikari.HikariConfig [main] dataSource......................none
2021-04-09 17:36:41,929 DEBUG com.zaxxer.hikari.HikariConfig [main] dataSourceClassName.............none
2021-04-09 17:36:41,929 DEBUG com.zaxxer.hikari.HikariConfig [main] dataSourceJNDI..................none
2021-04-09 17:36:41,929 DEBUG com.zaxxer.hikari.HikariConfig [main] dataSourceProperties............{password=<masked>}
2021-04-09 17:36:41,930 DEBUG com.zaxxer.hikari.HikariConfig [main] driverClassName................."org.h2.Driver"
2021-04-09 17:36:41,930 DEBUG com.zaxxer.hikari.HikariConfig [main] exceptionOverrideClassName......none
2021-04-09 17:36:41,930 DEBUG com.zaxxer.hikari.HikariConfig [main] healthCheckProperties...........{}
2021-04-09 17:36:41,930 DEBUG com.zaxxer.hikari.HikariConfig [main] healthCheckRegistry.............none
2021-04-09 17:36:41,930 DEBUG com.zaxxer.hikari.HikariConfig [main] idleTimeout.....................600000
2021-04-09 17:36:41,930 DEBUG com.zaxxer.hikari.HikariConfig [main] initializationFailTimeout.......1
2021-04-09 17:36:41,931 DEBUG com.zaxxer.hikari.HikariConfig [main] isolateInternalQueries..........false
2021-04-09 17:36:41,931 DEBUG com.zaxxer.hikari.HikariConfig [main] jdbcUrl.........................jdbc:h2:mem:9b577e93-c39e-4b17-8e7d-55a09a5fe2dc;DB_CLOSE_DELAY=-1;DB_CLOSE_ON_EXIT=FALSE
2021-04-09 17:36:41,931 DEBUG com.zaxxer.hikari.HikariConfig [main] leakDetectionThreshold..........0
2021-04-09 17:36:41,931 DEBUG com.zaxxer.hikari.HikariConfig [main] maxLifetime.....................1800000
2021-04-09 17:36:41,931 DEBUG com.zaxxer.hikari.HikariConfig [main] maximumPoolSize.................10
2021-04-09 17:36:41,931 DEBUG com.zaxxer.hikari.HikariConfig [main] metricRegistry..................none
2021-04-09 17:36:41,932 DEBUG com.zaxxer.hikari.HikariConfig [main] metricsTrackerFactory...........none
2021-04-09 17:36:41,932 DEBUG com.zaxxer.hikari.HikariConfig [main] minimumIdle.....................10
2021-04-09 17:36:41,932 DEBUG com.zaxxer.hikari.HikariConfig [main] password........................<masked>
2021-04-09 17:36:41,932 DEBUG com.zaxxer.hikari.HikariConfig [main] poolName........................"HikariPool-1"
2021-04-09 17:36:41,932 DEBUG com.zaxxer.hikari.HikariConfig [main] readOnly........................false
2021-04-09 17:36:41,932 DEBUG com.zaxxer.hikari.HikariConfig [main] registerMbeans..................false
2021-04-09 17:36:41,932 DEBUG com.zaxxer.hikari.HikariConfig [main] scheduledExecutor...............none
2021-04-09 17:36:41,932 DEBUG com.zaxxer.hikari.HikariConfig [main] schema..........................none
2021-04-09 17:36:41,933 DEBUG com.zaxxer.hikari.HikariConfig [main] threadFactory...................internal
2021-04-09 17:36:41,933 DEBUG com.zaxxer.hikari.HikariConfig [main] transactionIsolation............default
2021-04-09 17:36:41,933 DEBUG com.zaxxer.hikari.HikariConfig [main] username........................"sa"
2021-04-09 17:36:41,933 DEBUG com.zaxxer.hikari.HikariConfig [main] validationTimeout...............5000
2021-04-09 17:36:41,933 INFO com.zaxxer.hikari.HikariDataSource [main] HikariPool-1 - Starting...
2021-04-09 17:36:42,053 DEBUG com.zaxxer.hikari.pool.HikariPool [main] HikariPool-1 - Added connection conn0: url=jdbc:h2:mem:9b577e93-c39e-4b17-8e7d-55a09a5fe2dc user=SA
2021-04-09 17:36:42,054 INFO com.zaxxer.hikari.HikariDataSource [main] HikariPool-1 - Start completed.
2021-04-09 17:36:42,154 DEBUG com.zaxxer.hikari.pool.HikariPool [HikariPool-1 housekeeper] HikariPool-1 - Pool stats (total=1, active=0, idle=1, waiting=0)
2021-04-09 17:36:42,158 DEBUG com.zaxxer.hikari.pool.HikariPool$PoolEntryCreator [HikariPool-1 connection adder] HikariPool-1 - Added connection conn1: url=jdbc:h2:mem:9b577e93-c39e-4b17-8e7d-55a09a5fe2dc user=SA
2021-04-09 17:36:42,159 DEBUG com.zaxxer.hikari.pool.HikariPool$PoolEntryCreator [HikariPool-1 connection adder] HikariPool-1 - Added connection conn2: url=jdbc:h2:mem:9b577e93-c39e-4b17-8e7d-55a09a5fe2dc user=SA
2021-04-09 17:36:42,160 DEBUG com.zaxxer.hikari.pool.HikariPool$PoolEntryCreator [HikariPool-1 connection adder] HikariPool-1 - Added connection conn3: url=jdbc:h2:mem:9b577e93-c39e-4b17-8e7d-55a09a5fe2dc user=SA
2021-04-09 17:36:42,160 DEBUG com.zaxxer.hikari.pool.HikariPool$PoolEntryCreator [HikariPool-1 connection adder] HikariPool-1 - Added connection conn4: url=jdbc:h2:mem:9b577e93-c39e-4b17-8e7d-55a09a5fe2dc user=SA
2021-04-09 17:36:42,161 DEBUG com.zaxxer.hikari.pool.HikariPool$PoolEntryCreator [HikariPool-1 connection adder] HikariPool-1 - Added connection conn5: url=jdbc:h2:mem:9b577e93-c39e-4b17-8e7d-55a09a5fe2dc user=SA
2021-04-09 17:36:42,161 DEBUG com.zaxxer.hikari.pool.HikariPool$PoolEntryCreator [HikariPool-1 connection adder] HikariPool-1 - Added connection conn6: url=jdbc:h2:mem:9b577e93-c39e-4b17-8e7d-55a09a5fe2dc user=SA
2021-04-09 17:36:42,162 DEBUG com.zaxxer.hikari.pool.HikariPool$PoolEntryCreator [HikariPool-1 connection adder] HikariPool-1 - Added connection conn7: url=jdbc:h2:mem:9b577e93-c39e-4b17-8e7d-55a09a5fe2dc user=SA
2021-04-09 17:36:42,162 DEBUG com.zaxxer.hikari.pool.HikariPool$PoolEntryCreator [HikariPool-1 connection adder] HikariPool-1 - Added connection conn8: url=jdbc:h2:mem:9b577e93-c39e-4b17-8e7d-55a09a5fe2dc user=SA
2021-04-09 17:36:42,163 DEBUG com.zaxxer.hikari.pool.HikariPool$PoolEntryCreator [HikariPool-1 connection adder] HikariPool-1 - Added connection conn9: url=jdbc:h2:mem:9b577e93-c39e-4b17-8e7d-55a09a5fe2dc user=SA
2021-04-09 17:36:42,163 DEBUG com.zaxxer.hikari.pool.HikariPool [HikariPool-1 connection adder] HikariPool-1 - After adding stats (total=10, active=0, idle=10, waiting=0)
2021-04-09 17:36:43,136 WARN org.springframework.boot.autoconfigure.orm.jpa.JpaBaseConfiguration$JpaWebConfiguration [main] spring.jpa.open-in-view is enabled by default. Therefore, database queries may be performed during view rendering. Explicitly configure spring.jpa.open-in-view to disable this warning
2021-04-09 17:36:43,545 INFO org.springframework.boot.StartupInfoLogger [main] Started ApiApplication in 3.083 seconds (JVM running for 3.429)
2021-04-09 17:36:47,486 INFO com.webetapi.api.kafka.JsonItemProducer [http-nio-9000-exec-1] $$ -> Producing message 
2021-04-09 17:36:47,571 INFO com.webetapi.api.kafka.JsonItemConsumer [org.springframework.kafka.KafkaListenerEndpointContainer#0-0-C-1] received item'com.webetapi.api.model.Item@3a1083b6'
2021-04-09 17:37:12,157 DEBUG com.zaxxer.hikari.pool.HikariPool [HikariPool-1 housekeeper] HikariPool-1 - Pool stats (total=10, active=0, idle=10, waiting=0)
2021-04-09 17:37:12,158 DEBUG com.zaxxer.hikari.pool.HikariPool [HikariPool-1 housekeeper] HikariPool-1 - Fill pool skipped, pool is at sufficient level.
2021-04-09 17:37:12,701 INFO com.zaxxer.hikari.HikariDataSource [SpringContextShutdownHook] HikariPool-1 - Shutdown initiated...
2021-04-09 17:37:12,702 DEBUG com.zaxxer.hikari.pool.HikariPool [SpringContextShutdownHook] HikariPool-1 - Before shutdown stats (total=10, active=0, idle=10, waiting=0)
2021-04-09 17:37:12,703 DEBUG com.zaxxer.hikari.pool.PoolBase [HikariPool-1 connection closer] HikariPool-1 - Closing connection conn0: url=jdbc:h2:mem:9b577e93-c39e-4b17-8e7d-55a09a5fe2dc user=SA: (connection evicted)
2021-04-09 17:37:12,703 DEBUG com.zaxxer.hikari.pool.PoolBase [HikariPool-1 connection closer] HikariPool-1 - Closing connection conn1: url=jdbc:h2:mem:9b577e93-c39e-4b17-8e7d-55a09a5fe2dc user=SA: (connection evicted)
2021-04-09 17:37:12,703 DEBUG com.zaxxer.hikari.pool.PoolBase [HikariPool-1 connection closer] HikariPool-1 - Closing connection conn2: url=jdbc:h2:mem:9b577e93-c39e-4b17-8e7d-55a09a5fe2dc user=SA: (connection evicted)
2021-04-09 17:37:12,704 DEBUG com.zaxxer.hikari.pool.PoolBase [HikariPool-1 connection closer] HikariPool-1 - Closing connection conn3: url=jdbc:h2:mem:9b577e93-c39e-4b17-8e7d-55a09a5fe2dc user=SA: (connection evicted)
2021-04-09 17:37:12,704 DEBUG com.zaxxer.hikari.pool.PoolBase [HikariPool-1 connection closer] HikariPool-1 - Closing connection conn4: url=jdbc:h2:mem:9b577e93-c39e-4b17-8e7d-55a09a5fe2dc user=SA: (connection evicted)
2021-04-09 17:37:12,704 DEBUG com.zaxxer.hikari.pool.PoolBase [HikariPool-1 connection closer] HikariPool-1 - Closing connection conn5: url=jdbc:h2:mem:9b577e93-c39e-4b17-8e7d-55a09a5fe2dc user=SA: (connection evicted)
2021-04-09 17:37:12,704 DEBUG com.zaxxer.hikari.pool.PoolBase [HikariPool-1 connection closer] HikariPool-1 - Closing connection conn6: url=jdbc:h2:mem:9b577e93-c39e-4b17-8e7d-55a09a5fe2dc user=SA: (connection evicted)
2021-04-09 17:37:12,705 DEBUG com.zaxxer.hikari.pool.PoolBase [HikariPool-1 connection closer] HikariPool-1 - Closing connection conn7: url=jdbc:h2:mem:9b577e93-c39e-4b17-8e7d-55a09a5fe2dc user=SA: (connection evicted)
2021-04-09 17:37:12,705 DEBUG com.zaxxer.hikari.pool.PoolBase [HikariPool-1 connection closer] HikariPool-1 - Closing connection conn8: url=jdbc:h2:mem:9b577e93-c39e-4b17-8e7d-55a09a5fe2dc user=SA: (connection evicted)
2021-04-09 17:37:12,705 DEBUG com.zaxxer.hikari.pool.PoolBase [HikariPool-1 connection closer] HikariPool-1 - Closing connection conn9: url=jdbc:h2:mem:9b577e93-c39e-4b17-8e7d-55a09a5fe2dc user=SA: (connection evicted)
2021-04-09 17:37:12,705 DEBUG com.zaxxer.hikari.pool.HikariPool [SpringContextShutdownHook] HikariPool-1 - After shutdown stats (total=0, active=0, idle=0, waiting=0)
2021-04-09 17:37:12,705 INFO com.zaxxer.hikari.HikariDataSource [SpringContextShutdownHook] HikariPool-1 - Shutdown completed.
2021-04-09 17:37:15,323 INFO org.springframework.boot.StartupInfoLogger [main] Starting ApiApplication using Java 11.0.5 on liance-G5-5587 with PID 32268 (/home/liance/Documents/projetAPIWEBAPP_API/api/target/classes started by liance in /home/liance/Documents/projetAPIWEBAPP_API/api)
2021-04-09 17:37:15,325 DEBUG org.springframework.boot.StartupInfoLogger [main] Running with Spring Boot v2.4.4, Spring v5.3.5
2021-04-09 17:37:15,326 INFO org.springframework.boot.SpringApplication [main] No active profile set, falling back to default profiles: default
2021-04-09 17:37:16,383 DEBUG com.zaxxer.hikari.HikariConfig [main] Driver class org.h2.Driver found in Thread context class loader TomcatEmbeddedWebappClassLoader
  context: ROOT
  delegate: true
----------> Parent Classloader:
jdk.internal.loader.ClassLoaders$AppClassLoader@77556fd

2021-04-09 17:37:16,402 DEBUG com.zaxxer.hikari.HikariConfig [main] HikariPool-1 - configuration:
2021-04-09 17:37:16,404 DEBUG com.zaxxer.hikari.HikariConfig [main] allowPoolSuspension.............false
2021-04-09 17:37:16,404 DEBUG com.zaxxer.hikari.HikariConfig [main] autoCommit......................true
2021-04-09 17:37:16,404 DEBUG com.zaxxer.hikari.HikariConfig [main] catalog.........................none
2021-04-09 17:37:16,405 DEBUG com.zaxxer.hikari.HikariConfig [main] connectionInitSql...............none
2021-04-09 17:37:16,405 DEBUG com.zaxxer.hikari.HikariConfig [main] connectionTestQuery.............none
2021-04-09 17:37:16,405 DEBUG com.zaxxer.hikari.HikariConfig [main] connectionTimeout...............30000
2021-04-09 17:37:16,405 DEBUG com.zaxxer.hikari.HikariConfig [main] dataSource......................none
2021-04-09 17:37:16,405 DEBUG com.zaxxer.hikari.HikariConfig [main] dataSourceClassName.............none
2021-04-09 17:37:16,405 DEBUG com.zaxxer.hikari.HikariConfig [main] dataSourceJNDI..................none
2021-04-09 17:37:16,406 DEBUG com.zaxxer.hikari.HikariConfig [main] dataSourceProperties............{password=<masked>}
2021-04-09 17:37:16,406 DEBUG com.zaxxer.hikari.HikariConfig [main] driverClassName................."org.h2.Driver"
2021-04-09 17:37:16,406 DEBUG com.zaxxer.hikari.HikariConfig [main] exceptionOverrideClassName......none
2021-04-09 17:37:16,406 DEBUG com.zaxxer.hikari.HikariConfig [main] healthCheckProperties...........{}
2021-04-09 17:37:16,407 DEBUG com.zaxxer.hikari.HikariConfig [main] healthCheckRegistry.............none
2021-04-09 17:37:16,407 DEBUG com.zaxxer.hikari.HikariConfig [main] idleTimeout.....................600000
2021-04-09 17:37:16,407 DEBUG com.zaxxer.hikari.HikariConfig [main] initializationFailTimeout.......1
2021-04-09 17:37:16,407 DEBUG com.zaxxer.hikari.HikariConfig [main] isolateInternalQueries..........false
2021-04-09 17:37:16,407 DEBUG com.zaxxer.hikari.HikariConfig [main] jdbcUrl.........................jdbc:h2:mem:fde5d1d3-73bc-433d-9580-065e6ea689ea;DB_CLOSE_DELAY=-1;DB_CLOSE_ON_EXIT=FALSE
2021-04-09 17:37:16,407 DEBUG com.zaxxer.hikari.HikariConfig [main] leakDetectionThreshold..........0
2021-04-09 17:37:16,408 DEBUG com.zaxxer.hikari.HikariConfig [main] maxLifetime.....................1800000
2021-04-09 17:37:16,408 DEBUG com.zaxxer.hikari.HikariConfig [main] maximumPoolSize.................10
2021-04-09 17:37:16,408 DEBUG com.zaxxer.hikari.HikariConfig [main] metricRegistry..................none
2021-04-09 17:37:16,408 DEBUG com.zaxxer.hikari.HikariConfig [main] metricsTrackerFactory...........none
2021-04-09 17:37:16,408 DEBUG com.zaxxer.hikari.HikariConfig [main] minimumIdle.....................10
2021-04-09 17:37:16,408 DEBUG com.zaxxer.hikari.HikariConfig [main] password........................<masked>
2021-04-09 17:37:16,408 DEBUG com.zaxxer.hikari.HikariConfig [main] poolName........................"HikariPool-1"
2021-04-09 17:37:16,409 DEBUG com.zaxxer.hikari.HikariConfig [main] readOnly........................false
2021-04-09 17:37:16,409 DEBUG com.zaxxer.hikari.HikariConfig [main] registerMbeans..................false
2021-04-09 17:37:16,409 DEBUG com.zaxxer.hikari.HikariConfig [main] scheduledExecutor...............none
2021-04-09 17:37:16,409 DEBUG com.zaxxer.hikari.HikariConfig [main] schema..........................none
2021-04-09 17:37:16,409 DEBUG com.zaxxer.hikari.HikariConfig [main] threadFactory...................internal
2021-04-09 17:37:16,409 DEBUG com.zaxxer.hikari.HikariConfig [main] transactionIsolation............default
2021-04-09 17:37:16,409 DEBUG com.zaxxer.hikari.HikariConfig [main] username........................"sa"
2021-04-09 17:37:16,409 DEBUG com.zaxxer.hikari.HikariConfig [main] validationTimeout...............5000
2021-04-09 17:37:16,410 INFO com.zaxxer.hikari.HikariDataSource [main] HikariPool-1 - Starting...
2021-04-09 17:37:16,531 DEBUG com.zaxxer.hikari.pool.HikariPool [main] HikariPool-1 - Added connection conn0: url=jdbc:h2:mem:fde5d1d3-73bc-433d-9580-065e6ea689ea user=SA
2021-04-09 17:37:16,532 INFO com.zaxxer.hikari.HikariDataSource [main] HikariPool-1 - Start completed.
2021-04-09 17:37:16,632 DEBUG com.zaxxer.hikari.pool.HikariPool [HikariPool-1 housekeeper] HikariPool-1 - Pool stats (total=1, active=0, idle=1, waiting=0)
2021-04-09 17:37:16,634 DEBUG com.zaxxer.hikari.pool.HikariPool$PoolEntryCreator [HikariPool-1 connection adder] HikariPool-1 - Added connection conn1: url=jdbc:h2:mem:fde5d1d3-73bc-433d-9580-065e6ea689ea user=SA
2021-04-09 17:37:16,635 DEBUG com.zaxxer.hikari.pool.HikariPool$PoolEntryCreator [HikariPool-1 connection adder] HikariPool-1 - Added connection conn2: url=jdbc:h2:mem:fde5d1d3-73bc-433d-9580-065e6ea689ea user=SA
2021-04-09 17:37:16,635 DEBUG com.zaxxer.hikari.pool.HikariPool$PoolEntryCreator [HikariPool-1 connection adder] HikariPool-1 - Added connection conn3: url=jdbc:h2:mem:fde5d1d3-73bc-433d-9580-065e6ea689ea user=SA
2021-04-09 17:37:16,636 DEBUG com.zaxxer.hikari.pool.HikariPool$PoolEntryCreator [HikariPool-1 connection adder] HikariPool-1 - Added connection conn4: url=jdbc:h2:mem:fde5d1d3-73bc-433d-9580-065e6ea689ea user=SA
2021-04-09 17:37:16,636 DEBUG com.zaxxer.hikari.pool.HikariPool$PoolEntryCreator [HikariPool-1 connection adder] HikariPool-1 - Added connection conn5: url=jdbc:h2:mem:fde5d1d3-73bc-433d-9580-065e6ea689ea user=SA
2021-04-09 17:37:16,637 DEBUG com.zaxxer.hikari.pool.HikariPool$PoolEntryCreator [HikariPool-1 connection adder] HikariPool-1 - Added connection conn6: url=jdbc:h2:mem:fde5d1d3-73bc-433d-9580-065e6ea689ea user=SA
2021-04-09 17:37:16,637 DEBUG com.zaxxer.hikari.pool.HikariPool$PoolEntryCreator [HikariPool-1 connection adder] HikariPool-1 - Added connection conn7: url=jdbc:h2:mem:fde5d1d3-73bc-433d-9580-065e6ea689ea user=SA
2021-04-09 17:37:16,638 DEBUG com.zaxxer.hikari.pool.HikariPool$PoolEntryCreator [HikariPool-1 connection adder] HikariPool-1 - Added connection conn8: url=jdbc:h2:mem:fde5d1d3-73bc-433d-9580-065e6ea689ea user=SA
2021-04-09 17:37:16,638 DEBUG com.zaxxer.hikari.pool.HikariPool$PoolEntryCreator [HikariPool-1 connection adder] HikariPool-1 - Added connection conn9: url=jdbc:h2:mem:fde5d1d3-73bc-433d-9580-065e6ea689ea user=SA
2021-04-09 17:37:16,638 DEBUG com.zaxxer.hikari.pool.HikariPool [HikariPool-1 connection adder] HikariPool-1 - After adding stats (total=10, active=0, idle=10, waiting=0)
2021-04-09 17:37:17,642 WARN org.springframework.boot.autoconfigure.orm.jpa.JpaBaseConfiguration$JpaWebConfiguration [main] spring.jpa.open-in-view is enabled by default. Therefore, database queries may be performed during view rendering. Explicitly configure spring.jpa.open-in-view to disable this warning
2021-04-09 17:37:18,094 INFO org.springframework.boot.StartupInfoLogger [main] Started ApiApplication in 3.158 seconds (JVM running for 3.506)
2021-04-09 17:37:19,391 INFO com.webetapi.api.kafka.JsonItemProducer [http-nio-9000-exec-1] $$ -> Producing message 
2021-04-09 17:37:19,441 INFO com.webetapi.api.kafka.JsonItemConsumer [org.springframework.kafka.KafkaListenerEndpointContainer#0-0-C-1] received item'com.webetapi.api.model.Item@61f491bb'
2021-04-09 17:37:19,441 INFO com.webetapi.api.kafka.JsonItemConsumer [org.springframework.kafka.KafkaListenerEndpointContainer#0-0-C-1] received item'com.webetapi.api.model.Item@61f491bb'
2021-04-09 17:37:46,633 DEBUG com.zaxxer.hikari.pool.HikariPool [HikariPool-1 housekeeper] HikariPool-1 - Pool stats (total=10, active=0, idle=10, waiting=0)
2021-04-09 17:37:46,634 DEBUG com.zaxxer.hikari.pool.HikariPool [HikariPool-1 housekeeper] HikariPool-1 - Fill pool skipped, pool is at sufficient level.
2021-04-09 17:38:12,373 INFO com.zaxxer.hikari.HikariDataSource [SpringContextShutdownHook] HikariPool-1 - Shutdown initiated...
2021-04-09 17:38:12,373 DEBUG com.zaxxer.hikari.pool.HikariPool [SpringContextShutdownHook] HikariPool-1 - Before shutdown stats (total=10, active=0, idle=10, waiting=0)
2021-04-09 17:38:12,374 DEBUG com.zaxxer.hikari.pool.PoolBase [HikariPool-1 connection closer] HikariPool-1 - Closing connection conn0: url=jdbc:h2:mem:fde5d1d3-73bc-433d-9580-065e6ea689ea user=SA: (connection evicted)
2021-04-09 17:38:12,374 DEBUG com.zaxxer.hikari.pool.PoolBase [HikariPool-1 connection closer] HikariPool-1 - Closing connection conn1: url=jdbc:h2:mem:fde5d1d3-73bc-433d-9580-065e6ea689ea user=SA: (connection evicted)
2021-04-09 17:38:12,375 DEBUG com.zaxxer.hikari.pool.PoolBase [HikariPool-1 connection closer] HikariPool-1 - Closing connection conn2: url=jdbc:h2:mem:fde5d1d3-73bc-433d-9580-065e6ea689ea user=SA: (connection evicted)
2021-04-09 17:38:12,375 DEBUG com.zaxxer.hikari.pool.PoolBase [HikariPool-1 connection closer] HikariPool-1 - Closing connection conn3: url=jdbc:h2:mem:fde5d1d3-73bc-433d-9580-065e6ea689ea user=SA: (connection evicted)
2021-04-09 17:38:12,375 DEBUG com.zaxxer.hikari.pool.PoolBase [HikariPool-1 connection closer] HikariPool-1 - Closing connection conn4: url=jdbc:h2:mem:fde5d1d3-73bc-433d-9580-065e6ea689ea user=SA: (connection evicted)
2021-04-09 17:38:12,375 DEBUG com.zaxxer.hikari.pool.PoolBase [HikariPool-1 connection closer] HikariPool-1 - Closing connection conn5: url=jdbc:h2:mem:fde5d1d3-73bc-433d-9580-065e6ea689ea user=SA: (connection evicted)
2021-04-09 17:38:12,376 DEBUG com.zaxxer.hikari.pool.PoolBase [HikariPool-1 connection closer] HikariPool-1 - Closing connection conn6: url=jdbc:h2:mem:fde5d1d3-73bc-433d-9580-065e6ea689ea user=SA: (connection evicted)
2021-04-09 17:38:12,376 DEBUG com.zaxxer.hikari.pool.PoolBase [HikariPool-1 connection closer] HikariPool-1 - Closing connection conn7: url=jdbc:h2:mem:fde5d1d3-73bc-433d-9580-065e6ea689ea user=SA: (connection evicted)
2021-04-09 17:38:12,376 DEBUG com.zaxxer.hikari.pool.PoolBase [HikariPool-1 connection closer] HikariPool-1 - Closing connection conn8: url=jdbc:h2:mem:fde5d1d3-73bc-433d-9580-065e6ea689ea user=SA: (connection evicted)
2021-04-09 17:38:12,376 DEBUG com.zaxxer.hikari.pool.PoolBase [HikariPool-1 connection closer] HikariPool-1 - Closing connection conn9: url=jdbc:h2:mem:fde5d1d3-73bc-433d-9580-065e6ea689ea user=SA: (connection evicted)
2021-04-09 17:38:12,376 DEBUG com.zaxxer.hikari.pool.HikariPool [SpringContextShutdownHook] HikariPool-1 - After shutdown stats (total=0, active=0, idle=0, waiting=0)
2021-04-09 17:38:12,376 INFO com.zaxxer.hikari.HikariDataSource [SpringContextShutdownHook] HikariPool-1 - Shutdown completed.
2021-04-09 17:38:15,961 INFO org.springframework.boot.StartupInfoLogger [main] Starting ApiApplication using Java 11.0.5 on liance-G5-5587 with PID 357 (/home/liance/Documents/projetAPIWEBAPP_API/api/target/classes started by liance in /home/liance/Documents/projetAPIWEBAPP_API/api)
2021-04-09 17:38:15,963 DEBUG org.springframework.boot.StartupInfoLogger [main] Running with Spring Boot v2.4.4, Spring v5.3.5
2021-04-09 17:38:15,963 INFO org.springframework.boot.SpringApplication [main] No active profile set, falling back to default profiles: default
2021-04-09 17:38:17,019 DEBUG com.zaxxer.hikari.HikariConfig [main] Driver class org.h2.Driver found in Thread context class loader TomcatEmbeddedWebappClassLoader
  context: ROOT
  delegate: true
----------> Parent Classloader:
jdk.internal.loader.ClassLoaders$AppClassLoader@77556fd

2021-04-09 17:38:17,037 DEBUG com.zaxxer.hikari.HikariConfig [main] HikariPool-1 - configuration:
2021-04-09 17:38:17,039 DEBUG com.zaxxer.hikari.HikariConfig [main] allowPoolSuspension.............false
2021-04-09 17:38:17,040 DEBUG com.zaxxer.hikari.HikariConfig [main] autoCommit......................true
2021-04-09 17:38:17,040 DEBUG com.zaxxer.hikari.HikariConfig [main] catalog.........................none
2021-04-09 17:38:17,040 DEBUG com.zaxxer.hikari.HikariConfig [main] connectionInitSql...............none
2021-04-09 17:38:17,040 DEBUG com.zaxxer.hikari.HikariConfig [main] connectionTestQuery.............none
2021-04-09 17:38:17,041 DEBUG com.zaxxer.hikari.HikariConfig [main] connectionTimeout...............30000
2021-04-09 17:38:17,041 DEBUG com.zaxxer.hikari.HikariConfig [main] dataSource......................none
2021-04-09 17:38:17,041 DEBUG com.zaxxer.hikari.HikariConfig [main] dataSourceClassName.............none
2021-04-09 17:38:17,041 DEBUG com.zaxxer.hikari.HikariConfig [main] dataSourceJNDI..................none
2021-04-09 17:38:17,041 DEBUG com.zaxxer.hikari.HikariConfig [main] dataSourceProperties............{password=<masked>}
2021-04-09 17:38:17,042 DEBUG com.zaxxer.hikari.HikariConfig [main] driverClassName................."org.h2.Driver"
2021-04-09 17:38:17,042 DEBUG com.zaxxer.hikari.HikariConfig [main] exceptionOverrideClassName......none
2021-04-09 17:38:17,042 DEBUG com.zaxxer.hikari.HikariConfig [main] healthCheckProperties...........{}
2021-04-09 17:38:17,042 DEBUG com.zaxxer.hikari.HikariConfig [main] healthCheckRegistry.............none
2021-04-09 17:38:17,042 DEBUG com.zaxxer.hikari.HikariConfig [main] idleTimeout.....................600000
2021-04-09 17:38:17,042 DEBUG com.zaxxer.hikari.HikariConfig [main] initializationFailTimeout.......1
2021-04-09 17:38:17,042 DEBUG com.zaxxer.hikari.HikariConfig [main] isolateInternalQueries..........false
2021-04-09 17:38:17,043 DEBUG com.zaxxer.hikari.HikariConfig [main] jdbcUrl.........................jdbc:h2:mem:7a9b64c3-aec4-4df6-8fc0-2c778b5a95f6;DB_CLOSE_DELAY=-1;DB_CLOSE_ON_EXIT=FALSE
2021-04-09 17:38:17,043 DEBUG com.zaxxer.hikari.HikariConfig [main] leakDetectionThreshold..........0
2021-04-09 17:38:17,043 DEBUG com.zaxxer.hikari.HikariConfig [main] maxLifetime.....................1800000
2021-04-09 17:38:17,043 DEBUG com.zaxxer.hikari.HikariConfig [main] maximumPoolSize.................10
2021-04-09 17:38:17,043 DEBUG com.zaxxer.hikari.HikariConfig [main] metricRegistry..................none
2021-04-09 17:38:17,043 DEBUG com.zaxxer.hikari.HikariConfig [main] metricsTrackerFactory...........none
2021-04-09 17:38:17,043 DEBUG com.zaxxer.hikari.HikariConfig [main] minimumIdle.....................10
2021-04-09 17:38:17,044 DEBUG com.zaxxer.hikari.HikariConfig [main] password........................<masked>
2021-04-09 17:38:17,044 DEBUG com.zaxxer.hikari.HikariConfig [main] poolName........................"HikariPool-1"
2021-04-09 17:38:17,044 DEBUG com.zaxxer.hikari.HikariConfig [main] readOnly........................false
2021-04-09 17:38:17,044 DEBUG com.zaxxer.hikari.HikariConfig [main] registerMbeans..................false
2021-04-09 17:38:17,044 DEBUG com.zaxxer.hikari.HikariConfig [main] scheduledExecutor...............none
2021-04-09 17:38:17,044 DEBUG com.zaxxer.hikari.HikariConfig [main] schema..........................none
2021-04-09 17:38:17,044 DEBUG com.zaxxer.hikari.HikariConfig [main] threadFactory...................internal
2021-04-09 17:38:17,044 DEBUG com.zaxxer.hikari.HikariConfig [main] transactionIsolation............default
2021-04-09 17:38:17,045 DEBUG com.zaxxer.hikari.HikariConfig [main] username........................"sa"
2021-04-09 17:38:17,045 DEBUG com.zaxxer.hikari.HikariConfig [main] validationTimeout...............5000
2021-04-09 17:38:17,045 INFO com.zaxxer.hikari.HikariDataSource [main] HikariPool-1 - Starting...
2021-04-09 17:38:17,163 DEBUG com.zaxxer.hikari.pool.HikariPool [main] HikariPool-1 - Added connection conn0: url=jdbc:h2:mem:7a9b64c3-aec4-4df6-8fc0-2c778b5a95f6 user=SA
2021-04-09 17:38:17,164 INFO com.zaxxer.hikari.HikariDataSource [main] HikariPool-1 - Start completed.
2021-04-09 17:38:17,264 DEBUG com.zaxxer.hikari.pool.HikariPool [HikariPool-1 housekeeper] HikariPool-1 - Pool stats (total=1, active=0, idle=1, waiting=0)
2021-04-09 17:38:17,266 DEBUG com.zaxxer.hikari.pool.HikariPool$PoolEntryCreator [HikariPool-1 connection adder] HikariPool-1 - Added connection conn1: url=jdbc:h2:mem:7a9b64c3-aec4-4df6-8fc0-2c778b5a95f6 user=SA
2021-04-09 17:38:17,267 DEBUG com.zaxxer.hikari.pool.HikariPool$PoolEntryCreator [HikariPool-1 connection adder] HikariPool-1 - Added connection conn2: url=jdbc:h2:mem:7a9b64c3-aec4-4df6-8fc0-2c778b5a95f6 user=SA
2021-04-09 17:38:17,268 DEBUG com.zaxxer.hikari.pool.HikariPool$PoolEntryCreator [HikariPool-1 connection adder] HikariPool-1 - Added connection conn3: url=jdbc:h2:mem:7a9b64c3-aec4-4df6-8fc0-2c778b5a95f6 user=SA
2021-04-09 17:38:17,268 DEBUG com.zaxxer.hikari.pool.HikariPool$PoolEntryCreator [HikariPool-1 connection adder] HikariPool-1 - Added connection conn4: url=jdbc:h2:mem:7a9b64c3-aec4-4df6-8fc0-2c778b5a95f6 user=SA
2021-04-09 17:38:17,268 DEBUG com.zaxxer.hikari.pool.HikariPool$PoolEntryCreator [HikariPool-1 connection adder] HikariPool-1 - Added connection conn5: url=jdbc:h2:mem:7a9b64c3-aec4-4df6-8fc0-2c778b5a95f6 user=SA
2021-04-09 17:38:17,269 DEBUG com.zaxxer.hikari.pool.HikariPool$PoolEntryCreator [HikariPool-1 connection adder] HikariPool-1 - Added connection conn6: url=jdbc:h2:mem:7a9b64c3-aec4-4df6-8fc0-2c778b5a95f6 user=SA
2021-04-09 17:38:17,270 DEBUG com.zaxxer.hikari.pool.HikariPool$PoolEntryCreator [HikariPool-1 connection adder] HikariPool-1 - Added connection conn7: url=jdbc:h2:mem:7a9b64c3-aec4-4df6-8fc0-2c778b5a95f6 user=SA
2021-04-09 17:38:17,271 DEBUG com.zaxxer.hikari.pool.HikariPool$PoolEntryCreator [HikariPool-1 connection adder] HikariPool-1 - Added connection conn8: url=jdbc:h2:mem:7a9b64c3-aec4-4df6-8fc0-2c778b5a95f6 user=SA
2021-04-09 17:38:17,272 DEBUG com.zaxxer.hikari.pool.HikariPool$PoolEntryCreator [HikariPool-1 connection adder] HikariPool-1 - Added connection conn9: url=jdbc:h2:mem:7a9b64c3-aec4-4df6-8fc0-2c778b5a95f6 user=SA
2021-04-09 17:38:17,272 DEBUG com.zaxxer.hikari.pool.HikariPool [HikariPool-1 connection adder] HikariPool-1 - After adding stats (total=10, active=0, idle=10, waiting=0)
2021-04-09 17:38:18,267 WARN org.springframework.boot.autoconfigure.orm.jpa.JpaBaseConfiguration$JpaWebConfiguration [main] spring.jpa.open-in-view is enabled by default. Therefore, database queries may be performed during view rendering. Explicitly configure spring.jpa.open-in-view to disable this warning
2021-04-09 17:38:18,723 INFO org.springframework.boot.StartupInfoLogger [main] Started ApiApplication in 3.156 seconds (JVM running for 3.47)
2021-04-09 17:38:18,809 INFO com.webetapi.api.kafka.JsonItemProducer [http-nio-9000-exec-1] $$ -> Producing message 
2021-04-09 17:38:19,000 INFO com.webetapi.api.kafka.JsonItemConsumer [org.springframework.kafka.KafkaListenerEndpointContainer#0-0-C-1] received item'com.webetapi.api.model.Item@554c609f'
2021-04-09 17:38:19,001 INFO com.webetapi.api.kafka.JsonItemConsumer [org.springframework.kafka.KafkaListenerEndpointContainer#0-0-C-1] received item'totodd'
2021-04-09 17:38:47,266 DEBUG com.zaxxer.hikari.pool.HikariPool [HikariPool-1 housekeeper] HikariPool-1 - Pool stats (total=10, active=0, idle=10, waiting=0)
2021-04-09 17:38:47,267 DEBUG com.zaxxer.hikari.pool.HikariPool [HikariPool-1 housekeeper] HikariPool-1 - Fill pool skipped, pool is at sufficient level.
2021-04-09 17:39:17,268 DEBUG com.zaxxer.hikari.pool.HikariPool [HikariPool-1 housekeeper] HikariPool-1 - Pool stats (total=10, active=0, idle=10, waiting=0)
2021-04-09 17:39:17,269 DEBUG com.zaxxer.hikari.pool.HikariPool [HikariPool-1 housekeeper] HikariPool-1 - Fill pool skipped, pool is at sufficient level.
2021-04-09 17:39:47,269 DEBUG com.zaxxer.hikari.pool.HikariPool [HikariPool-1 housekeeper] HikariPool-1 - Pool stats (total=10, active=0, idle=10, waiting=0)
2021-04-09 17:39:47,269 DEBUG com.zaxxer.hikari.pool.HikariPool [HikariPool-1 housekeeper] HikariPool-1 - Fill pool skipped, pool is at sufficient level.
2021-04-09 17:40:17,270 DEBUG com.zaxxer.hikari.pool.HikariPool [HikariPool-1 housekeeper] HikariPool-1 - Pool stats (total=10, active=0, idle=10, waiting=0)
2021-04-09 17:40:17,270 DEBUG com.zaxxer.hikari.pool.HikariPool [HikariPool-1 housekeeper] HikariPool-1 - Fill pool skipped, pool is at sufficient level.
